Arguments: 
  /usr/local/bin/node /usr/local/Cellar/yarn/1.13.0/libexec/bin/yarn.js add @flavioespinoza/olo_log

PATH: 
  /usr/local/bin:/usr/bin:/bin:/usr/sbin:/sbin:/opt/X11/bin

Yarn version: 
  1.13.0

Node version: 
  11.11.0

Platform: 
  darwin x64

Trace: 
  Error: https://registry.yarnpkg.com/@flavioespinoza%2folo_log: Not found
      at Request.params.callback [as _callback] (/usr/local/Cellar/yarn/1.13.0/libexec/lib/cli.js:66255:18)
      at Request.self.callback (/usr/local/Cellar/yarn/1.13.0/libexec/lib/cli.js:129397:22)
      at Request.emit (events.js:197:13)
      at Request.<anonymous> (/usr/local/Cellar/yarn/1.13.0/libexec/lib/cli.js:130369:10)
      at Request.emit (events.js:197:13)
      at IncomingMessage.<anonymous> (/usr/local/Cellar/yarn/1.13.0/libexec/lib/cli.js:130291:12)
      at Object.onceWrapper (events.js:285:13)
      at IncomingMessage.emit (events.js:202:15)
      at endReadableNT (_stream_readable.js:1132:12)
      at processTicksAndRejections (internal/process/next_tick.js:76:17)

npm manifest: 
  {
    "name": "@flavioespinoza/esm-project",
    "version": "1.0.4",
    "description": "Node app using new esm module loader by John-David Dalton <https://github.com/jdalton>",
    "esm": true,
    "main": "esm-loader.js",
    "module": "index.js",
    "scripts": {
      "test": "node -r esm ./test.js",
      "node": "node ./index.js",
      "example": "node -r esm ./example.js",
      "esm-loader": "node esm-loader.js",
      "loader": "node esm-loader.js",
      "node-with-esm": "node -r esm ./index.js",
      "node-with-esm:watch": "nodemon -r esm ./index.js"
    },
    "repository": {
      "type": "git",
      "url": "git+https://github.com/flavioespinoza/esm-project.git"
    },
    "keywords": [
      "npm",
      "esm",
      "es",
      "package",
      "npm",
      "package",
      "node",
      "module",
      "module"
    ],
    "author": "flavioespinoza <flavio.espinoza@gmail.com>",
    "license": "MIT",
    "private": false,
    "dependencies": {
      "chance": "^1.0.18",
      "esm": "^3.2.11",
      "lodash": "^4.17.11",
      "ololog": "^1.1.117",
      "require-inject": "^1.4.4"
    },
    "bugs": {
      "url": "https://github.com/flavioespinoza/esm-project/issues"
    },
    "homepage": "https://github.com/flavioespinoza/esm-project#readme",
    "devDependencies": {}
  }

yarn manifest: 
  No manifest

Lockfile: 
  # THIS IS AN AUTOGENERATED FILE. DO NOT EDIT THIS FILE DIRECTLY.
  # yarn lockfile v1
  
  
  "@types/node@^8.0.7":
    version "8.10.43"
    resolved "https://registry.yarnpkg.com/@types/node/-/node-8.10.43.tgz#8d3281a33c92a56038b05d9460a65bc1dcd5735b"
    integrity sha512-5m5W13HR2k3cu88mpzlnPBBv5+GyMHtj4F0P83RG4mqoC0AYVYHVMHfF3SgwKNtqEZiZQASMxU92QsLEekKcnw==
  
  ansicolor@^1.1.78:
    version "1.1.81"
    resolved "https://registry.yarnpkg.com/ansicolor/-/ansicolor-1.1.81.tgz#9ccf4e5d129dd77df1eb907a41d7e1f4cfcae015"
    integrity sha512-uSggNDl++k+w9MUeAWoPsKMa9ekTWp50FzOf2LtxH4muRBANuToT2zaMHC47HJ6kySzos95P+2aSJ5DzIJ98sQ==
  
  as-table@^1.0.31:
    version "1.0.36"
    resolved "https://registry.yarnpkg.com/as-table/-/as-table-1.0.36.tgz#e38f5c85e184cd7f6efe2885d8dbc80c2b731ec4"
    integrity sha1-449cheGEzX9u/iiF2NvIDCtzHsQ=
    dependencies:
      printable-characters "^1.0.37"
  
  caller@^1.0.1:
    version "1.0.1"
    resolved "https://registry.yarnpkg.com/caller/-/caller-1.0.1.tgz#b851860f70e195db3d277395aa1a7e23ea30ecf5"
    integrity sha1-uFGGD3Dhlds9J3OVqhp+I+ow7PU=
  
  chance@^1.0.18:
    version "1.0.18"
    resolved "https://registry.yarnpkg.com/chance/-/chance-1.0.18.tgz#79788fe6fca4c338bf404321c347eecc80f969ee"
    integrity sha512-g9YLQVHVZS/3F+zIicfB58vjcxopvYQRp7xHzvyDFDhXH1aRZI/JhwSAO0X5qYiQluoGnaNAU6wByD2KTxJN1A==
  
  data-uri-to-buffer@^2.0.0:
    version "2.0.0"
    resolved "https://registry.yarnpkg.com/data-uri-to-buffer/-/data-uri-to-buffer-2.0.0.tgz#0ba23671727349828c32cfafddea411908d13d23"
    integrity sha512-YbKCNLPPP4inc0E5If4OaalBc7gpaM2MRv77Pv2VThVComLKfbGYtJcdDCViDyp1Wd4SebhHLz94vp91zbK6bw==
    dependencies:
      "@types/node" "^8.0.7"
  
  esm@^3.2.11:
    version "3.2.11"
    resolved "https://registry.yarnpkg.com/esm/-/esm-3.2.11.tgz#f6ac0c7fbb682324e80f48950130f5a5fe953f35"
    integrity sha512-OhgzK4tmov6Ih2gQ28k8e5kV07sGgEKG+ys3PqbDd2FBXpsZkGpFotFbrm0+KmuD2ktaV4hdPYQTDMpq9FjeTA==
  
  get-source@^1.0.24:
    version "1.0.27"
    resolved "https://registry.yarnpkg.com/get-source/-/get-source-1.0.27.tgz#b92f8b5d61607ab81826eb22edd7dea1f48708d9"
    integrity sha1-uS+LXWFgergYJusi7dfeofSHCNk=
    dependencies:
      data-uri-to-buffer "^2.0.0"
      source-map "^0.6.0"
  
  lodash@^4.17.11:
    version "4.17.11"
    resolved "https://registry.yarnpkg.com/lodash/-/lodash-4.17.11.tgz#b39ea6229ef607ecd89e2c8df12536891cac9b8d"
    integrity sha512-cQKh8igo5QUhZ7lg38DYWAxMvjSAKG0A8wGSVimP07SIUEK2UO+arSRKbRZWtelMtN5V0Hkwh5ryOto/SshYIg==
  
  ololog@^1.1.117:
    version "1.1.117"
    resolved "https://registry.yarnpkg.com/ololog/-/ololog-1.1.117.tgz#8107d9741b0f22126afaf29854d3e0c05621ac8d"
    integrity sha512-a6HBJEZBoovfySaOGveU9nbKf7d5cToAbM9gpoowXUEOaGfBOTnEpSkuEVcyH5Bc8cVkzCp6KMYx7Kl3toFKJg==
    dependencies:
      ansicolor "^1.1.78"
      pipez "^1.1.12"
      printable-characters "^1.0.42"
      stacktracey "^1.2.106"
      string.bullet "^1.0.12"
      string.ify "^1.0.49"
  
  pipez@^1.1.12:
    version "1.1.12"
    resolved "https://registry.yarnpkg.com/pipez/-/pipez-1.1.12.tgz#b359ce5401e935f129fa4a094fcde89afb8436d8"
    integrity sha1-s1nOVAHpNfEp+koJT83omvuENtg=
  
  printable-characters@^1.0.26, printable-characters@^1.0.28, printable-characters@^1.0.37, printable-characters@^1.0.42:
    version "1.0.42"
    resolved "https://registry.yarnpkg.com/printable-characters/-/printable-characters-1.0.42.tgz#3f18e977a9bd8eb37fcc4ff5659d7be90868b3d8"
    integrity sha1-Pxjpd6m9jrN/zE/1ZZ176Qhos9g=
  
  require-inject@^1.4.4:
    version "1.4.4"
    resolved "https://registry.yarnpkg.com/require-inject/-/require-inject-1.4.4.tgz#ac9859035296ad167975a58fd1ccf52c8f355cdf"
    integrity sha512-5Y5ctRN84+I4iOZO61gm+48tgP/6Hcd3VZydkaEM3MCuOvnHRsTJYQBOc01faI/Z9at5nsCAJVHhlfPA6Pc0Og==
    dependencies:
      caller "^1.0.1"
  
  source-map@^0.6.0:
    version "0.6.1"
    resolved "https://registry.yarnpkg.com/source-map/-/source-map-0.6.1.tgz#74722af32e9614e9c287a8d0bbde48b5e2f1a263"
    integrity sha512-UjgapumWlbMhkBgzT7Ykc5YXUT46F0iKu8SGXq0bcwP5dz/h0Plj6enJqjz1Zbq2l5WaqYnrVbwWOWMyF3F47g==
  
  stacktracey@^1.2.106:
    version "1.2.106"
    resolved "https://registry.yarnpkg.com/stacktracey/-/stacktracey-1.2.106.tgz#c670ec3e70c4b348f14a4c1003aa44c7c497e362"
    integrity sha512-+JwWUcpFn+vCqEFkG7mBsxbjloy0S43tZv5qTbYvxps9bN3/jxTUIfa7Y+kjDzsbRq8GQRAilQZmxvWm6LTwxg==
    dependencies:
      as-table "^1.0.31"
      get-source "^1.0.24"
  
  string.bullet@^1.0.11, string.bullet@^1.0.12:
    version "1.0.12"
    resolved "https://registry.yarnpkg.com/string.bullet/-/string.bullet-1.0.12.tgz#b41fc417850a57e4042bf3cf347b6eee257ee253"
    integrity sha1-tB/EF4UKV+QEK/PPNHtu7iV+4lM=
    dependencies:
      printable-characters "^1.0.26"
  
  string.ify@^1.0.49:
    version "1.0.49"
    resolved "https://registry.yarnpkg.com/string.ify/-/string.ify-1.0.49.tgz#2f7dd0044278ffb42cd67a8bf64b1411a76ee303"
    integrity sha1-L33QBEJ4/7Qs1nqL9ksUEadu4wM=
    dependencies:
      printable-characters "^1.0.28"
      string.bullet "^1.0.11"
